<?xml version="1.0" encoding="UTF-8"?>
<testsuites name="jest tests" tests="16" failures="0" errors="0" time="1.347">
  <testsuite name="BlacklistVisitorAPI Action" errors="0" failures="0" skipped="0" timestamp="2025-04-16T16:36:29" time="1.025" tests="16">
    <testcase classname="BlacklistVisitorAPI Action should successfully create a blacklist entry when type is &quot;true&quot;" name="BlacklistVisitorAPI Action should successfully create a blacklist entry when type is &quot;true&quot;" time="0.003">
    </testcase>
    <testcase classname="BlacklistVisitorAPI Action should successfully update a blacklist entry when type is &quot;false&quot;" name="BlacklistVisitorAPI Action should successfully update a blacklist entry when type is &quot;false&quot;" time="0.001">
    </testcase>
    <testcase classname="BlacklistVisitorAPI Action should return 400 if required fields are missing" name="BlacklistVisitorAPI Action should return 400 if required fields are missing" time="0.002">
    </testcase>
    <testcase classname="BlacklistVisitorAPI Action should return 500 if transaction fails during create" name="BlacklistVisitorAPI Action should return 500 if transaction fails during create" time="0.001">
    </testcase>
    <testcase classname="BlacklistVisitorAPI Action should return 500 if transaction fails during update" name="BlacklistVisitorAPI Action should return 500 if transaction fails during update" time="0">
    </testcase>
    <testcase classname="deleteBlacklistVisitor Action should successfully delete a blacklist entry" name="deleteBlacklistVisitor Action should successfully delete a blacklist entry" time="0.001">
    </testcase>
    <testcase classname="deleteBlacklistVisitor Action should return 401 Unauthorized if session is invalid" name="deleteBlacklistVisitor Action should return 401 Unauthorized if session is invalid" time="0">
    </testcase>
    <testcase classname="deleteBlacklistVisitor Action should throw error if transaction fails during delete" name="deleteBlacklistVisitor Action should throw error if transaction fails during delete" time="0.018">
    </testcase>
    <testcase classname="blacklistInfo Action should return a list of all blacklist entries with visitor details" name="blacklistInfo Action should return a list of all blacklist entries with visitor details" time="0.001">
    </testcase>
    <testcase classname="blacklistInfo Action should return an empty array if no blacklist entries exist" name="blacklistInfo Action should return an empty array if no blacklist entries exist" time="0">
    </testcase>
    <testcase classname="blacklistInfo Action should return the error object if prisma findMany fails" name="blacklistInfo Action should return the error object if prisma findMany fails" time="0">
    </testcase>
    <testcase classname="blacklistInfo Action should proceed even if session is null (userid not used in query)" name="blacklistInfo Action should proceed even if session is null (userid not used in query)" time="0.001">
    </testcase>
    <testcase classname="getblacklistInfo Action should return the blacklist entry if found by visitor ID" name="getblacklistInfo Action should return the blacklist entry if found by visitor ID" time="0">
    </testcase>
    <testcase classname="getblacklistInfo Action should return null if no blacklist entry is found for the visitor ID" name="getblacklistInfo Action should return null if no blacklist entry is found for the visitor ID" time="0.001">
    </testcase>
    <testcase classname="getblacklistInfo Action should return the error object if prisma findUnique fails" name="getblacklistInfo Action should return the error object if prisma findUnique fails" time="0">
    </testcase>
    <testcase classname="getblacklistInfo Action should proceed even if session is null (userid not used in query)" name="getblacklistInfo Action should proceed even if session is null (userid not used in query)" time="0">
    </testcase>
  </testsuite>
</testsuites>